Compiled jquery.js  (2ms)  (pid 30469)
Compiled jquery-ui.js  (5ms)  (pid 30469)
Compiled jquery_ujs.js  (0ms)  (pid 30469)
Compiled active_admin/lib/namespace.js  (261ms)  (pid 30469)
Compiled active_admin/components/jquery.aa.checkbox-toggler.js  (184ms)  (pid 30469)
Compiled active_admin/components/jquery.aa.dropdown-menu.js  (183ms)  (pid 30469)
Compiled active_admin/components/jquery.aa.popover.js  (171ms)  (pid 30469)
Compiled active_admin/components/jquery.aa.table-checkbox-toggler.js  (165ms)  (pid 30469)
Compiled active_admin/pages/application.js  (130ms)  (pid 30469)
Compiled active_admin/pages/batch_actions.js  (139ms)  (pid 30469)
Compiled active_admin/application.js  (1325ms)  (pid 30469)
Compiled active_admin/base.js  (1397ms)  (pid 30469)
Compiled active_admin.js  (1406ms)  (pid 30469)
Compiled apps.js  (129ms)  (pid 30469)
Compiled application.js  (138ms)  (pid 30469)
Compiled active_admin.css  (1475ms)  (pid 30469)
Compiled apps.css  (2ms)  (pid 30469)
Compiled application.css  (10ms)  (pid 30469)
Compiled jquery.js  (3ms)  (pid 30469)
Compiled jquery-ui.js  (9ms)  (pid 30469)
Compiled jquery_ujs.js  (0ms)  (pid 30469)
Compiled active_admin/lib/namespace.js  (258ms)  (pid 30469)
Compiled active_admin/components/jquery.aa.checkbox-toggler.js  (203ms)  (pid 30469)
Compiled active_admin/components/jquery.aa.dropdown-menu.js  (222ms)  (pid 30469)
Compiled active_admin/components/jquery.aa.popover.js  (223ms)  (pid 30469)
Compiled active_admin/components/jquery.aa.table-checkbox-toggler.js  (226ms)  (pid 30469)
Compiled active_admin/pages/application.js  (228ms)  (pid 30469)
Compiled active_admin/pages/batch_actions.js  (181ms)  (pid 30469)
Compiled active_admin/application.js  (1682ms)  (pid 30469)
Compiled active_admin/base.js  (1785ms)  (pid 30469)
Compiled active_admin.js  (1796ms)  (pid 30469)
Compiled apps.js  (167ms)  (pid 30469)
Compiled application.js  (182ms)  (pid 30469)
Compiled active_admin.css  (1470ms)  (pid 30469)
Compiled apps.css  (1ms)  (pid 30469)
Compiled application.css  (9ms)  (pid 30469)
